<?xml version="1.0" encoding="UTF-8"?>
<!-- Generated by org.testng.reporters.JUnitReportReporter -->
<testsuite hostname="DESKTOP-5NNF6N4" failures="0" tests="4" name="com.actitime.testscript.ProjectModule" time="-1760684544.000" errors="1" timestamp="2025-10-17T12:31:20 IST" skipped="3">
  <testcase classname="com.actitime.testscript.ProjectModule" name="modifyProject" time="0.000">
    <skipped/>
    <system-out>
      <![CDATA[modifyProjecthas been skipped]]>
    </system-out>
  </testcase> <!-- modifyProject -->
  <testcase classname="com.actitime.testscript.ProjectModule" name="openBrowser" time="-1760684544.000">
    <error message="
Parameter &#039;browser&#039; is required by BeforeTest on method openBrowser but has not been marked @Optional or defined
in C:\Users\USER\eclipse-workspace\Automation\parallelExecution.xml" type="org.testng.TestNGException">
      <![CDATA[org.testng.TestNGException: 
Parameter 'browser' is required by BeforeTest on method openBrowser but has not been marked @Optional or defined
in C:\Users\USER\eclipse-workspace\Automation\parallelExecution.xml
at org.testng.internal.Parameters.createParams(Parameters.java:264)
at org.testng.internal.Parameters.createParametersForMethod(Parameters.java:352)
at org.testng.internal.Parameters.createParameters(Parameters.java:690)
at org.testng.internal.Parameters.createConfigurationParameters(Parameters.java:163)
at org.testng.internal.invokers.ConfigInvoker.invokeConfigurations(ConfigInvoker.java:313)
at org.testng.TestRunner.invokeTestConfigurations(TestRunner.java:657)
at org.testng.TestRunner.beforeRun(TestRunner.java:646)
at org.testng.TestRunner.run(TestRunner.java:612)
at org.testng.SuiteRunner.runTest(SuiteRunner.java:421)
at org.testng.SuiteRunner$SuiteWorker.run(SuiteRunner.java:463)
at org.testng.internal.thread.ThreadUtil.lambda$execute$0(ThreadUtil.java:64)
at java.base/java.util.concurrent.FutureTask.run(FutureTask.java:317)
at java.base/java.util.concurrent.ThreadPoolExecutor.runWorker(ThreadPoolExecutor.java:1144)
at java.base/java.util.concurrent.ThreadPoolExecutor$Worker.run(ThreadPoolExecutor.java:642)
at java.base/java.lang.Thread.run(Thread.java:1583)
]]>
    </error>
  </testcase> <!-- openBrowser -->
  <testcase classname="com.actitime.testscript.ProjectModule" name="deleteProject" time="0.000">
    <skipped/>
    <system-out>
      <![CDATA[deleteProjecthas been skipped]]>
    </system-out>
  </testcase> <!-- deleteProject -->
  <testcase classname="com.actitime.testscript.ProjectModule" name="createProject" time="0.000">
    <skipped/>
    <system-out>
      <![CDATA[createProjecthas been skipped]]>
    </system-out>
  </testcase> <!-- createProject -->
  <system-out>
    <![CDATA[createProjecthas been skipped
createCustomerhas been skipped
modifyCustomerhas been skipped
deleteProjecthas been skipped
deleteCustomerhas been skipped
modifyProjecthas been skipped]]>
  </system-out>
</testsuite> <!-- com.actitime.testscript.ProjectModule -->
